# JRE version: OpenJDK Runtime Environment Temurin-17.0.3+7 (17.0.3+7) (build 17.0.3+7)
# Java VM: OpenJDK 64-Bit Server VM Temurin-17.0.3+7 (17.0.3+7, mixed mode, tiered, compressed oops, compressed class ptrs, g1 gc, windows-amd64)
GC Precious Log:
 CPUs: 8 total, 8 available
 Memory: 8040M
 Large Page Support: Disabled
 NUMA Support: Disabled
 Compressed Oops: Enabled (32-bit)
 Heap Region Size: 1M
 Heap Min Capacity: 8M
 Heap Initial Capacity: 126M
 Heap Max Capacity: 2012M
 Pre-touch: Disabled
 Parallel Workers: 8
 Concurrent Workers: 2
 Concurrent Refinement Workers: 8
 Periodic GC: Disabled
Heap:
 garbage-first heap   total 66560K, used 33169K [0x0000000082400000, 0x0000000100000000)
  region size 1024K, 11 young (11264K), 3 survivors (3072K)
 Metaspace       used 70978K, committed 71488K, reserved 1114112K
  class space    used 8735K, committed 8960K, reserved 1048576K
GC Heap History (20 events):
Event: 477.900 GC heap before
{Heap before GC invocations=37 (full 2):
 garbage-first heap   total 66560K, used 49285K [0x0000000082400000, 0x0000000100000000)
  region size 1024K, 29 young (29696K), 3 survivors (3072K)
 Metaspace       used 69526K, committed 69952K, reserved 1114112K
  class space    used 8655K, committed 8832K, reserved 1048576K
}
Event: 477.902 GC heap after
{Heap after GC invocations=38 (full 2):
 garbage-first heap   total 66560K, used 25650K [0x0000000082400000, 0x0000000100000000)
  region size 1024K, 3 young (3072K), 3 survivors (3072K)
 Metaspace       used 69526K, committed 69952K, reserved 1114112K
  class space    used 8655K, committed 8832K, reserved 1048576K
}
Event: 480.619 GC heap before
{Heap before GC invocations=38 (full 2):
 garbage-first heap   total 66560K, used 30770K [0x0000000082400000, 0x0000000100000000)
  region size 1024K, 9 young (9216K), 3 survivors (3072K)
 Metaspace       used 69554K, committed 70016K, reserved 1114112K
  class space    used 8657K, committed 8832K, reserved 1048576K
}
Event: 480.651 GC heap after
{Heap after GC invocations=39 (full 3):
 garbage-first heap   total 66560K, used 21167K [0x0000000082400000, 0x0000000100000000)
  region size 1024K, 0 young (0K), 0 survivors (0K)
 Metaspace       used 69551K, committed 70016K, reserved 1114112K
  class space    used 8656K, committed 8832K, reserved 1048576K
}
Event: 481.068 GC heap before
{Heap before GC invocations=39 (full 3):
 garbage-first heap   total 66560K, used 49839K [0x0000000082400000, 0x0000000100000000)
  region size 1024K, 28 young (28672K), 0 survivors (0K)
 Metaspace       used 69707K, committed 70208K, reserved 1114112K
  class space    used 8668K, committed 8896K, reserved 1048576K
}
Event: 481.071 GC heap after
{Heap after GC invocations=40 (full 3):
 garbage-first heap   total 66560K, used 23446K [0x0000000082400000, 0x0000000100000000)
  region size 1024K, 3 young (3072K), 3 survivors (3072K)
 Metaspace       used 69707K, committed 70208K, reserved 1114112K
  class space    used 8668K, committed 8896K, reserved 1048576K
}
Event: 481.297 GC heap before
{Heap before GC invocations=40 (full 3):
 garbage-first heap   total 66560K, used 49046K [0x0000000082400000, 0x0000000100000000)
  region size 1024K, 29 young (29696K), 3 survivors (3072K)
 Metaspace       used 70043K, committed 70528K, reserved 1114112K
  class space    used 8684K, committed 8896K, reserved 1048576K
}
Event: 481.300 GC heap after
{Heap after GC invocations=41 (full 3):
 garbage-first heap   total 66560K, used 25551K [0x0000000082400000, 0x0000000100000000)
  region size 1024K, 3 young (3072K), 3 survivors (3072K)
 Metaspace       used 70043K, committed 70528K, reserved 1114112K
  class space    used 8684K, committed 8896K, reserved 1048576K
}
Event: 488.104 GC heap before
{Heap before GC invocations=41 (full 3):
 garbage-first heap   total 66560K, used 31695K [0x0000000082400000, 0x0000000100000000)
  region size 1024K, 10 young (10240K), 3 survivors (3072K)
 Metaspace       used 70071K, committed 70528K, reserved 1114112K
  class space    used 8686K, committed 8896K, reserved 1048576K
}
Event: 488.136 GC heap after
{Heap after GC invocations=42 (full 4):
 garbage-first heap   total 66560K, used 21358K [0x0000000082400000, 0x0000000100000000)
  region size 1024K, 0 young (0K), 0 survivors (0K)
 Metaspace       used 70068K, committed 70528K, reserved 1114112K
  class space    used 8685K, committed 8896K, reserved 1048576K
}
Event: 488.591 GC heap before
{Heap before GC invocations=42 (full 4):
 garbage-first heap   total 66560K, used 47982K [0x0000000082400000, 0x0000000100000000)
  region size 1024K, 27 young (27648K), 0 survivors (0K)
 Metaspace       used 70166K, committed 70592K, reserved 1114112K
  class space    used 8690K, committed 8896K, reserved 1048576K
}
Event: 488.594 GC heap after
{Heap after GC invocations=43 (full 4):
 garbage-first heap   total 66560K, used 23694K [0x0000000082400000, 0x0000000100000000)
  region size 1024K, 3 young (3072K), 3 survivors (3072K)
 Metaspace       used 70166K, committed 70592K, reserved 1114112K
  class space    used 8690K, committed 8896K, reserved 1048576K
}
Event: 488.821 GC heap before
{Heap before GC invocations=43 (full 4):
 garbage-first heap   total 66560K, used 49294K [0x0000000082400000, 0x0000000100000000)
  region size 1024K, 28 young (28672K), 3 survivors (3072K)
 Metaspace       used 70480K, committed 71040K, reserved 1114112K
  class space    used 8706K, committed 8960K, reserved 1048576K
}
Event: 488.824 GC heap after
{Heap after GC invocations=44 (full 4):
 garbage-first heap   total 66560K, used 25581K [0x0000000082400000, 0x0000000100000000)
  region size 1024K, 3 young (3072K), 3 survivors (3072K)
 Metaspace       used 70480K, committed 71040K, reserved 1114112K
  class space    used 8706K, committed 8960K, reserved 1048576K
}
Event: 831.884 GC heap before
{Heap before GC invocations=44 (full 4):
 garbage-first heap   total 66560K, used 40941K [0x0000000082400000, 0x0000000100000000)
  region size 1024K, 19 young (19456K), 3 survivors (3072K)
 Metaspace       used 70593K, committed 71168K, reserved 1114112K
  class space    used 8710K, committed 8960K, reserved 1048576K
}
Event: 831.915 GC heap after
{Heap after GC invocations=45 (full 5):
 garbage-first heap   total 66560K, used 21825K [0x0000000082400000, 0x0000000100000000)
  region size 1024K, 0 young (0K), 0 survivors (0K)
 Metaspace       used 70590K, committed 71168K, reserved 1114112K
  class space    used 8710K, committed 8960K, reserved 1048576K
}
Event: 832.404 GC heap before
{Heap before GC invocations=45 (full 5):
 garbage-first heap   total 66560K, used 48449K [0x0000000082400000, 0x0000000100000000)
  region size 1024K, 27 young (27648K), 0 survivors (0K)
 Metaspace       used 70714K, committed 71232K, reserved 1114112K
  class space    used 8721K, committed 8960K, reserved 1048576K
}
Event: 832.406 GC heap after
{Heap after GC invocations=46 (full 5):
 garbage-first heap   total 66560K, used 24088K [0x0000000082400000, 0x0000000100000000)
  region size 1024K, 3 young (3072K), 3 survivors (3072K)
 Metaspace       used 70714K, committed 71232K, reserved 1114112K
  class space    used 8721K, committed 8960K, reserved 1048576K
}
Event: 832.708 GC heap before
{Heap before GC invocations=46 (full 5):
 garbage-first heap   total 66560K, used 49688K [0x0000000082400000, 0x0000000100000000)
  region size 1024K, 28 young (28672K), 3 survivors (3072K)
 Metaspace       used 70953K, committed 71488K, reserved 1114112K
  class space    used 8734K, committed 8960K, reserved 1048576K
}
Event: 832.711 GC heap after
{Heap after GC invocations=47 (full 5):
 garbage-first heap   total 66560K, used 26001K [0x0000000082400000, 0x0000000100000000)
  region size 1024K, 3 young (3072K), 3 survivors (3072K)
 Metaspace       used 70953K, committed 71488K, reserved 1114112K
  class space    used 8734K, committed 8960K, reserved 1048576K
}

